<?xml version="1.0" encoding="UTF-8"?>
<!-- Generated by org.testng.reporters.JUnitXMLReporter -->
<testsuite ignored="0" hostname="Admin" failures="0" tests="3" name="Default test" time="42.472" errors="0" timestamp="2022-06-04T20:13:03 IST">
  <testcase classname="TestCases.LoginPageTest" name="verifykiteLogoTest" time="0.19"/>
  <testcase classname="TestCases.LoginPageTest" name="verifyzerodhaLogoTest" time="0.177"/>
  <testcase classname="TestCases.LoginPageTest" name="veriyTitle" time="0.108"/>
</testsuite> <!-- Default test -->
