<?xml version="1.0" encoding="UTF-8"?>
<testng-results ignored="0" total="3" passed="3" failed="0" skipped="0">
  <reporter-output>
  </reporter-output>
  <suite started-at="2022-06-04T20:12:21 IST" name="Default suite" finished-at="2022-06-04T20:13:03 IST" duration-ms="42472">
    <groups>
    </groups>
    <test started-at="2022-06-04T20:12:21 IST" name="Default test" finished-at="2022-06-04T20:13:03 IST" duration-ms="42472">
      <class name="TestCases.LoginPageTest">
        <test-method is-config="true" signature="setup()[pri:0, instance:TestCases.LoginPageTest@37d3d232]" started-at="2022-06-04T20:12:21 IST" name="setup" finished-at="2022-06-04T20:12:36 IST" duration-ms="14778" status="PASS">
          <reporter-output>
          </reporter-output>
        </test-method> <!-- setup -->
        <test-method signature="verifykiteLogoTest()[pri:0, instance:TestCases.LoginPageTest@37d3d232]" started-at="2022-06-04T20:12:36 IST" name="verifykiteLogoTest" finished-at="2022-06-04T20:12:36 IST" duration-ms="190" status="PASS">
          <reporter-output>
          </reporter-output>
        </test-method> <!-- verifykiteLogoTest -->
        <test-method is-config="true" signature="exit()[pri:0, instance:TestCases.LoginPageTest@37d3d232]" started-at="2022-06-04T20:12:36 IST" name="exit" finished-at="2022-06-04T20:12:38 IST" duration-ms="2450" status="PASS">
          <reporter-output>
          </reporter-output>
        </test-method> <!-- exit -->
        <test-method is-config="true" signature="setup()[pri:0, instance:TestCases.LoginPageTest@37d3d232]" started-at="2022-06-04T20:12:38 IST" name="setup" finished-at="2022-06-04T20:12:45 IST" duration-ms="6579" status="PASS">
          <reporter-output>
          </reporter-output>
        </test-method> <!-- setup -->
        <test-method signature="verifyzerodhaLogoTest()[pri:0, instance:TestCases.LoginPageTest@37d3d232]" started-at="2022-06-04T20:12:45 IST" name="verifyzerodhaLogoTest" finished-at="2022-06-04T20:12:45 IST" duration-ms="177" status="PASS">
          <reporter-output>
          </reporter-output>
        </test-method> <!-- verifyzerodhaLogoTest -->
        <test-method is-config="true" signature="exit()[pri:0, instance:TestCases.LoginPageTest@37d3d232]" started-at="2022-06-04T20:12:45 IST" name="exit" finished-at="2022-06-04T20:12:46 IST" duration-ms="560" status="PASS">
          <reporter-output>
          </reporter-output>
        </test-method> <!-- exit -->
        <test-method is-config="true" signature="setup()[pri:0, instance:TestCases.LoginPageTest@37d3d232]" started-at="2022-06-04T20:12:46 IST" name="setup" finished-at="2022-06-04T20:13:03 IST" duration-ms="17072" status="PASS">
          <reporter-output>
          </reporter-output>
        </test-method> <!-- setup -->
        <test-method signature="veriyTitle()[pri:0, instance:TestCases.LoginPageTest@37d3d232]" started-at="2022-06-04T20:13:03 IST" name="veriyTitle" finished-at="2022-06-04T20:13:03 IST" duration-ms="108" status="PASS">
          <reporter-output>
          </reporter-output>
        </test-method> <!-- veriyTitle -->
        <test-method is-config="true" signature="exit()[pri:0, instance:TestCases.LoginPageTest@37d3d232]" started-at="2022-06-04T20:13:03 IST" name="exit" finished-at="2022-06-04T20:13:03 IST" duration-ms="332" status="PASS">
          <reporter-output>
          </reporter-output>
        </test-method> <!-- exit -->
      </class> <!-- TestCases.LoginPageTest -->
    </test> <!-- Default test -->
  </suite> <!-- Default suite -->
</testng-results>
